{"/home/sam/repos/mf-swhurl-website/src/components/navigation.js": {"path":"/home/sam/repos/mf-swhurl-website/src/components/navigation.js","statementMap":{"0":{"start":{"line":1,"column":20},"end":{"line":7,"column":1}},"1":{"start":{"line":9,"column":22},"end":{"line":15,"column":1}}},"fnMap":{},"branchMap":{},"s":{"0":4,"1":4},"f":{},"b":{},"_coverageSchema":"43e27e138ebf9cfc5966b082cf9a028302ed4184","hash":"be2505084003a96b6babd7d20c68f210af2a0076"}
,"/home/sam/repos/mf-swhurl-website/src/components/blocks/FilterBlock.js": {"path":"/home/sam/repos/mf-swhurl-website/src/components/blocks/FilterBlock.js","statementMap":{"0":{"start":{"line":5,"column":20},"end":{"line":8,"column":1}},"1":{"start":{"line":10,"column":22},"end":{"line":15,"column":2}},"2":{"start":{"line":11,"column":25},"end":{"line":11,"column":63}},"3":{"start":{"line":12,"column":25},"end":{"line":12,"column":62}},"4":{"start":{"line":13,"column":21},"end":{"line":13,"column":68}},"5":{"start":{"line":14,"column":22},"end":{"line":14,"column":62}},"6":{"start":{"line":17,"column":19},"end":{"line":33,"column":1}},"7":{"start":{"line":27,"column":6},"end":{"line":29,"column":42}},"8":{"start":{"line":36,"column":2},"end":{"line":52,"column":3}},"9":{"start":{"line":41,"column":22},"end":{"line":41,"column":41}},"10":{"start":{"line":42,"column":10},"end":{"line":48,"column":11}}},"fnMap":{"0":{"name":"(anonymous_0)","decl":{"start":{"line":11,"column":16},"end":{"line":11,"column":17}},"loc":{"start":{"line":11,"column":25},"end":{"line":11,"column":63}},"line":11},"1":{"name":"(anonymous_1)","decl":{"start":{"line":12,"column":16},"end":{"line":12,"column":17}},"loc":{"start":{"line":12,"column":25},"end":{"line":12,"column":62}},"line":12},"2":{"name":"(anonymous_2)","decl":{"start":{"line":13,"column":12},"end":{"line":13,"column":13}},"loc":{"start":{"line":13,"column":21},"end":{"line":13,"column":68}},"line":13},"3":{"name":"(anonymous_3)","decl":{"start":{"line":14,"column":13},"end":{"line":14,"column":14}},"loc":{"start":{"line":14,"column":22},"end":{"line":14,"column":62}},"line":14},"4":{"name":"(anonymous_4)","decl":{"start":{"line":26,"column":15},"end":{"line":26,"column":16}},"loc":{"start":{"line":27,"column":6},"end":{"line":29,"column":42}},"line":27},"5":{"name":"(anonymous_5)","decl":{"start":{"line":35,"column":15},"end":{"line":35,"column":16}},"loc":{"start":{"line":35,"column":51},"end":{"line":53,"column":1}},"line":35},"6":{"name":"(anonymous_6)","decl":{"start":{"line":40,"column":21},"end":{"line":40,"column":22}},"loc":{"start":{"line":40,"column":31},"end":{"line":49,"column":9}},"line":40}},"branchMap":{"0":{"loc":{"start":{"line":11,"column":25},"end":{"line":11,"column":63}},"type":"cond-expr","locations":[{"start":{"line":11,"column":44},"end":{"line":11,"column":51}},{"start":{"line":11,"column":54},"end":{"line":11,"column":63}}],"line":11},"1":{"loc":{"start":{"line":12,"column":25},"end":{"line":12,"column":62}},"type":"cond-expr","locations":[{"start":{"line":12,"column":44},"end":{"line":12,"column":50}},{"start":{"line":12,"column":53},"end":{"line":12,"column":62}}],"line":12},"2":{"loc":{"start":{"line":13,"column":21},"end":{"line":13,"column":68}},"type":"cond-expr","locations":[{"start":{"line":13,"column":40},"end":{"line":13,"column":56}},{"start":{"line":13,"column":59},"end":{"line":13,"column":68}}],"line":13},"3":{"loc":{"start":{"line":14,"column":22},"end":{"line":14,"column":62}},"type":"cond-expr","locations":[{"start":{"line":14,"column":41},"end":{"line":14,"column":50}},{"start":{"line":14,"column":53},"end":{"line":14,"column":62}}],"line":14},"4":{"loc":{"start":{"line":27,"column":6},"end":{"line":29,"column":42}},"type":"cond-expr","locations":[{"start":{"line":28,"column":10},"end":{"line":28,"column":40}},{"start":{"line":29,"column":10},"end":{"line":29,"column":42}}],"line":27}},"s":{"0":2,"1":2,"2":25,"3":25,"4":25,"5":25,"6":2,"7":299,"8":25,"9":299,"10":299},"f":{"0":25,"1":25,"2":25,"3":25,"4":299,"5":25,"6":299},"b":{"0":[9,16],"1":[9,16],"2":[9,16],"3":[9,16],"4":[7,292]},"_coverageSchema":"43e27e138ebf9cfc5966b082cf9a028302ed4184","hash":"f5878eacd10cd4e27eb15c3d0df01bfae71cb9d5"}
,"/home/sam/repos/mf-swhurl-website/src/components/blocks/Nav.js": {"path":"/home/sam/repos/mf-swhurl-website/src/components/blocks/Nav.js","statementMap":{"0":{"start":{"line":5,"column":20},"end":{"line":9,"column":1}},"1":{"start":{"line":11,"column":18},"end":{"line":14,"column":1}},"2":{"start":{"line":17,"column":2},"end":{"line":25,"column":3}},"3":{"start":{"line":21,"column":20},"end":{"line":21,"column":42}},"4":{"start":{"line":22,"column":8},"end":{"line":22,"column":77}}},"fnMap":{"0":{"name":"(anonymous_0)","decl":{"start":{"line":16,"column":15},"end":{"line":16,"column":16}},"loc":{"start":{"line":16,"column":38},"end":{"line":26,"column":1}},"line":16},"1":{"name":"(anonymous_1)","decl":{"start":{"line":20,"column":17},"end":{"line":20,"column":18}},"loc":{"start":{"line":20,"column":30},"end":{"line":23,"column":7}},"line":20}},"branchMap":{},"s":{"0":4,"1":4,"2":11,"3":55,"4":55},"f":{"0":11,"1":55},"b":{},"_coverageSchema":"43e27e138ebf9cfc5966b082cf9a028302ed4184","hash":"d2d31461b0298605752e443fe83ce303189d0b6e"}
,"/home/sam/repos/mf-swhurl-website/src/components/blocks/ProductListItem.js": {"path":"/home/sam/repos/mf-swhurl-website/src/components/blocks/ProductListItem.js","statementMap":{"0":{"start":{"line":5,"column":22},"end":{"line":18,"column":1}},"1":{"start":{"line":20,"column":20},"end":{"line":23,"column":1}},"2":{"start":{"line":26,"column":19},"end":{"line":28,"column":16}},"3":{"start":{"line":29,"column":14},"end":{"line":29,"column":38}},"4":{"start":{"line":30,"column":2},"end":{"line":40,"column":3}}},"fnMap":{"0":{"name":"(anonymous_0)","decl":{"start":{"line":25,"column":15},"end":{"line":25,"column":16}},"loc":{"start":{"line":25,"column":29},"end":{"line":41,"column":1}},"line":25}},"branchMap":{},"s":{"0":2,"1":2,"2":181,"3":181,"4":181},"f":{"0":181},"b":{},"_coverageSchema":"43e27e138ebf9cfc5966b082cf9a028302ed4184","hash":"d2fe7bb012253453e5f12d38101d6e84db47e982"}
,"/home/sam/repos/mf-swhurl-website/src/components/containers/Home.js": {"path":"/home/sam/repos/mf-swhurl-website/src/components/containers/Home.js","statementMap":{"0":{"start":{"line":8,"column":2},"end":{"line":38,"column":3}}},"fnMap":{"0":{"name":"(anonymous_0)","decl":{"start":{"line":7,"column":15},"end":{"line":7,"column":16}},"loc":{"start":{"line":7,"column":24},"end":{"line":39,"column":1}},"line":7}},"branchMap":{},"s":{"0":1},"f":{"0":1},"b":{},"_coverageSchema":"43e27e138ebf9cfc5966b082cf9a028302ed4184","hash":"65b217f4ef47436fa1f24c32356fa65390beb6ce"}
,"/home/sam/repos/mf-swhurl-website/src/components/containers/Pdp.js": {"path":"/home/sam/repos/mf-swhurl-website/src/components/containers/Pdp.js","statementMap":{"0":{"start":{"line":10,"column":31},"end":{"line":16,"column":1}},"1":{"start":{"line":18,"column":23},"end":{"line":26,"column":1}},"2":{"start":{"line":28,"column":20},"end":{"line":34,"column":1}},"3":{"start":{"line":36,"column":32},"end":{"line":41,"column":1}},"4":{"start":{"line":43,"column":17},"end":{"line":46,"column":1}},"5":{"start":{"line":49,"column":73},"end":{"line":49,"column":78}},"6":{"start":{"line":50,"column":20},"end":{"line":50,"column":59}},"7":{"start":{"line":52,"column":2},"end":{"line":89,"column":3}},"8":{"start":{"line":62,"column":55},"end":{"line":62,"column":72}},"9":{"start":{"line":64,"column":14},"end":{"line":71,"column":15}},"10":{"start":{"line":78,"column":35},"end":{"line":78,"column":54}},"11":{"start":{"line":79,"column":35},"end":{"line":79,"column":54}},"12":{"start":{"line":92,"column":0},"end":{"line":95,"column":1}},"13":{"start":{"line":93,"column":14},"end":{"line":93,"column":44}},"14":{"start":{"line":94,"column":2},"end":{"line":94,"column":17}}},"fnMap":{"0":{"name":"Pdp","decl":{"start":{"line":48,"column":9},"end":{"line":48,"column":12}},"loc":{"start":{"line":48,"column":20},"end":{"line":90,"column":1}},"line":48},"1":{"name":"(anonymous_1)","decl":{"start":{"line":62,"column":48},"end":{"line":62,"column":49}},"loc":{"start":{"line":62,"column":55},"end":{"line":62,"column":72}},"line":62},"2":{"name":"(anonymous_2)","decl":{"start":{"line":63,"column":38},"end":{"line":63,"column":39}},"loc":{"start":{"line":63,"column":45},"end":{"line":72,"column":13}},"line":63},"3":{"name":"(anonymous_3)","decl":{"start":{"line":78,"column":29},"end":{"line":78,"column":30}},"loc":{"start":{"line":78,"column":35},"end":{"line":78,"column":54}},"line":78},"4":{"name":"(anonymous_4)","decl":{"start":{"line":79,"column":29},"end":{"line":79,"column":30}},"loc":{"start":{"line":79,"column":35},"end":{"line":79,"column":54}},"line":79},"5":{"name":"(anonymous_5)","decl":{"start":{"line":92,"column":22},"end":{"line":92,"column":23}},"loc":{"start":{"line":92,"column":48},"end":{"line":95,"column":1}},"line":92}},"branchMap":{},"s":{"0":1,"1":1,"2":1,"3":1,"4":1,"5":1,"6":1,"7":1,"8":2,"9":5,"10":1,"11":1,"12":1,"13":1,"14":1},"f":{"0":1,"1":2,"2":5,"3":1,"4":1,"5":1},"b":{},"_coverageSchema":"43e27e138ebf9cfc5966b082cf9a028302ed4184","hash":"a5bceed66349a1cb4ca9e2ca750831674a872e9f"}
,"/home/sam/repos/mf-swhurl-website/src/components/containers/Plp.js": {"path":"/home/sam/repos/mf-swhurl-website/src/components/containers/Plp.js","statementMap":{"0":{"start":{"line":13,"column":21},"end":{"line":17,"column":1}},"1":{"start":{"line":19,"column":24},"end":{"line":22,"column":1}},"2":{"start":{"line":24,"column":29},"end":{"line":27,"column":1}},"3":{"start":{"line":29,"column":36},"end":{"line":33,"column":1}},"4":{"start":{"line":35,"column":21},"end":{"line":43,"column":1}},"5":{"start":{"line":46,"column":54},"end":{"line":46,"column":59}},"6":{"start":{"line":47,"column":34},"end":{"line":47,"column":49}},"7":{"start":{"line":48,"column":2},"end":{"line":56,"column":4}},"8":{"start":{"line":49,"column":4},"end":{"line":55,"column":5}},"9":{"start":{"line":50,"column":6},"end":{"line":52,"column":7}},"10":{"start":{"line":54,"column":6},"end":{"line":54,"column":31}},"11":{"start":{"line":57,"column":2},"end":{"line":95,"column":3}},"12":{"start":{"line":65,"column":53},"end":{"line":65,"column":75}},"13":{"start":{"line":73,"column":31},"end":{"line":73,"column":49}},"14":{"start":{"line":78,"column":14},"end":{"line":78,"column":97}},"15":{"start":{"line":85,"column":12},"end":{"line":85,"column":87}},"16":{"start":{"line":90,"column":12},"end":{"line":90,"column":58}},"17":{"start":{"line":98,"column":0},"end":{"line":103,"column":1}},"18":{"start":{"line":99,"column":14},"end":{"line":99,"column":50}},"19":{"start":{"line":100,"column":46},"end":{"line":100,"column":54}},"20":{"start":{"line":101,"column":17},"end":{"line":101,"column":62}},"21":{"start":{"line":102,"column":2},"end":{"line":102,"column":52}}},"fnMap":{"0":{"name":"Plp","decl":{"start":{"line":45,"column":9},"end":{"line":45,"column":12}},"loc":{"start":{"line":45,"column":20},"end":{"line":96,"column":1}},"line":45},"1":{"name":"(anonymous_1)","decl":{"start":{"line":48,"column":12},"end":{"line":48,"column":13}},"loc":{"start":{"line":48,"column":18},"end":{"line":56,"column":3}},"line":48},"2":{"name":"(anonymous_2)","decl":{"start":{"line":65,"column":47},"end":{"line":65,"column":48}},"loc":{"start":{"line":65,"column":53},"end":{"line":65,"column":75}},"line":65},"3":{"name":"(anonymous_3)","decl":{"start":{"line":73,"column":25},"end":{"line":73,"column":26}},"loc":{"start":{"line":73,"column":31},"end":{"line":73,"column":49}},"line":73},"4":{"name":"(anonymous_4)","decl":{"start":{"line":77,"column":24},"end":{"line":77,"column":25}},"loc":{"start":{"line":77,"column":34},"end":{"line":79,"column":13}},"line":77},"5":{"name":"(anonymous_5)","decl":{"start":{"line":84,"column":22},"end":{"line":84,"column":23}},"loc":{"start":{"line":84,"column":32},"end":{"line":86,"column":11}},"line":84},"6":{"name":"(anonymous_6)","decl":{"start":{"line":89,"column":23},"end":{"line":89,"column":24}},"loc":{"start":{"line":89,"column":36},"end":{"line":91,"column":11}},"line":89},"7":{"name":"(anonymous_7)","decl":{"start":{"line":98,"column":22},"end":{"line":98,"column":23}},"loc":{"start":{"line":98,"column":48},"end":{"line":103,"column":1}},"line":98}},"branchMap":{"0":{"loc":{"start":{"line":49,"column":4},"end":{"line":55,"column":5}},"type":"if","locations":[{"start":{"line":49,"column":4},"end":{"line":55,"column":5}},{"start":{"line":49,"column":4},"end":{"line":55,"column":5}}],"line":49},"1":{"loc":{"start":{"line":101,"column":17},"end":{"line":101,"column":62}},"type":"cond-expr","locations":[{"start":{"line":101,"column":45},"end":{"line":101,"column":51}},{"start":{"line":101,"column":54},"end":{"line":101,"column":62}}],"line":101}},"s":{"0":1,"1":1,"2":1,"3":1,"4":1,"5":3,"6":3,"7":3,"8":3,"9":1,"10":2,"11":3,"12":1,"13":1,"14":9,"15":9,"16":180,"17":1,"18":2,"19":2,"20":2,"21":2},"f":{"0":3,"1":3,"2":1,"3":1,"4":9,"5":9,"6":180,"7":2},"b":{"0":[1,2],"1":[1,1]},"_coverageSchema":"43e27e138ebf9cfc5966b082cf9a028302ed4184","hash":"ec76c3249bddfd105030e504ce03a7d216b25f87"}
,"/home/sam/repos/mf-swhurl-website/src/components/elements/GenderHeader.js": {"path":"/home/sam/repos/mf-swhurl-website/src/components/elements/GenderHeader.js","statementMap":{"0":{"start":{"line":4,"column":17},"end":{"line":10,"column":1}},"1":{"start":{"line":13,"column":21},"end":{"line":13,"column":26}},"2":{"start":{"line":14,"column":2},"end":{"line":14,"column":38}}},"fnMap":{"0":{"name":"(anonymous_0)","decl":{"start":{"line":12,"column":15},"end":{"line":12,"column":16}},"loc":{"start":{"line":12,"column":24},"end":{"line":15,"column":1}},"line":12}},"branchMap":{},"s":{"0":3,"1":5,"2":5},"f":{"0":5},"b":{},"_coverageSchema":"43e27e138ebf9cfc5966b082cf9a028302ed4184","hash":"e19aedbc595330e0d2a864888c607b866dadd26c"}
,"/home/sam/repos/mf-swhurl-website/src/components/elements/H1.js": {"path":"/home/sam/repos/mf-swhurl-website/src/components/elements/H1.js","statementMap":{"0":{"start":{"line":4,"column":11},"end":{"line":6,"column":1}},"1":{"start":{"line":9,"column":2},"end":{"line":9,"column":28}}},"fnMap":{"0":{"name":"(anonymous_0)","decl":{"start":{"line":8,"column":15},"end":{"line":8,"column":16}},"loc":{"start":{"line":8,"column":33},"end":{"line":10,"column":1}},"line":8}},"branchMap":{},"s":{"0":2,"1":2},"f":{"0":2},"b":{},"_coverageSchema":"43e27e138ebf9cfc5966b082cf9a028302ed4184","hash":"740e87827af430912ecd0c5f1ca68b9755375374"}
,"/home/sam/repos/mf-swhurl-website/src/components/elements/NavLink.js": {"path":"/home/sam/repos/mf-swhurl-website/src/components/elements/NavLink.js","statementMap":{"0":{"start":{"line":5,"column":19},"end":{"line":14,"column":1}},"1":{"start":{"line":17,"column":2},"end":{"line":19,"column":9}}},"fnMap":{"0":{"name":"(anonymous_0)","decl":{"start":{"line":16,"column":15},"end":{"line":16,"column":16}},"loc":{"start":{"line":17,"column":2},"end":{"line":19,"column":9}},"line":17}},"branchMap":{},"s":{"0":5,"1":56},"f":{"0":56},"b":{},"_coverageSchema":"43e27e138ebf9cfc5966b082cf9a028302ed4184","hash":"7fc5a2e11a98f569ee30475547461bf3528c66fa"}
,"/home/sam/repos/mf-swhurl-website/src/lib/parser.js": {"path":"/home/sam/repos/mf-swhurl-website/src/lib/parser.js","statementMap":{"0":{"start":{"line":1,"column":0},"end":{"line":6,"column":1}},"1":{"start":{"line":2,"column":2},"end":{"line":5,"column":4}},"2":{"start":{"line":3,"column":26},"end":{"line":3,"column":30}},"3":{"start":{"line":4,"column":4},"end":{"line":4,"column":24}},"4":{"start":{"line":8,"column":0},"end":{"line":14,"column":1}},"5":{"start":{"line":9,"column":2},"end":{"line":13,"column":3}},"6":{"start":{"line":17,"column":2},"end":{"line":17,"column":40}},"7":{"start":{"line":21,"column":2},"end":{"line":21,"column":40}},"8":{"start":{"line":25,"column":2},"end":{"line":33,"column":20}},"9":{"start":{"line":27,"column":6},"end":{"line":31,"column":7}},"10":{"start":{"line":37,"column":17},"end":{"line":42,"column":3}},"11":{"start":{"line":43,"column":2},"end":{"line":45,"column":3}},"12":{"start":{"line":44,"column":4},"end":{"line":44,"column":65}},"13":{"start":{"line":46,"column":2},"end":{"line":46,"column":15}},"14":{"start":{"line":50,"column":2},"end":{"line":53,"column":3}},"15":{"start":{"line":57,"column":2},"end":{"line":61,"column":3}},"16":{"start":{"line":65,"column":2},"end":{"line":74,"column":3}},"17":{"start":{"line":72,"column":6},"end":{"line":72,"column":28}},"18":{"start":{"line":78,"column":2},"end":{"line":83,"column":3}}},"fnMap":{"0":{"name":"(anonymous_0)","decl":{"start":{"line":1,"column":33},"end":{"line":1,"column":34}},"loc":{"start":{"line":1,"column":47},"end":{"line":6,"column":1}},"line":1},"1":{"name":"(anonymous_1)","decl":{"start":{"line":2,"column":24},"end":{"line":2,"column":25}},"loc":{"start":{"line":2,"column":32},"end":{"line":5,"column":3}},"line":2},"2":{"name":"(anonymous_2)","decl":{"start":{"line":8,"column":36},"end":{"line":8,"column":37}},"loc":{"start":{"line":8,"column":53},"end":{"line":14,"column":1}},"line":8},"3":{"name":"parseResults","decl":{"start":{"line":16,"column":9},"end":{"line":16,"column":21}},"loc":{"start":{"line":16,"column":31},"end":{"line":18,"column":1}},"line":16},"4":{"name":"parseCategoryFacets","decl":{"start":{"line":20,"column":9},"end":{"line":20,"column":28}},"loc":{"start":{"line":20,"column":43},"end":{"line":22,"column":1}},"line":20},"5":{"name":"parseFacets","decl":{"start":{"line":24,"column":9},"end":{"line":24,"column":20}},"loc":{"start":{"line":24,"column":29},"end":{"line":34,"column":1}},"line":24},"6":{"name":"(anonymous_6)","decl":{"start":{"line":26,"column":12},"end":{"line":26,"column":13}},"loc":{"start":{"line":26,"column":21},"end":{"line":32,"column":5}},"line":26},"7":{"name":"parseCategoryFacet","decl":{"start":{"line":36,"column":9},"end":{"line":36,"column":27}},"loc":{"start":{"line":36,"column":36},"end":{"line":47,"column":1}},"line":36},"8":{"name":"parseFacet","decl":{"start":{"line":49,"column":9},"end":{"line":49,"column":19}},"loc":{"start":{"line":49,"column":27},"end":{"line":54,"column":1}},"line":49},"9":{"name":"parseFacetValue","decl":{"start":{"line":56,"column":9},"end":{"line":56,"column":24}},"loc":{"start":{"line":56,"column":37},"end":{"line":62,"column":1}},"line":56},"10":{"name":"parseProductResult","decl":{"start":{"line":64,"column":9},"end":{"line":64,"column":27}},"loc":{"start":{"line":64,"column":37},"end":{"line":75,"column":1}},"line":64},"11":{"name":"(anonymous_11)","decl":{"start":{"line":71,"column":32},"end":{"line":71,"column":33}},"loc":{"start":{"line":71,"column":40},"end":{"line":73,"column":5}},"line":71},"12":{"name":"parseSize","decl":{"start":{"line":77,"column":9},"end":{"line":77,"column":18}},"loc":{"start":{"line":77,"column":25},"end":{"line":84,"column":1}},"line":77}},"branchMap":{"0":{"loc":{"start":{"line":20,"column":29},"end":{"line":20,"column":41}},"type":"default-arg","locations":[{"start":{"line":20,"column":39},"end":{"line":20,"column":41}}],"line":20},"1":{"loc":{"start":{"line":28,"column":8},"end":{"line":30,"column":36}},"type":"binary-expr","locations":[{"start":{"line":28,"column":8},"end":{"line":28,"column":37}},{"start":{"line":29,"column":8},"end":{"line":29,"column":41}},{"start":{"line":30,"column":8},"end":{"line":30,"column":36}}],"line":28},"2":{"loc":{"start":{"line":43,"column":2},"end":{"line":45,"column":3}},"type":"if","locations":[{"start":{"line":43,"column":2},"end":{"line":45,"column":3}},{"start":{"line":43,"column":2},"end":{"line":45,"column":3}}],"line":43},"3":{"loc":{"start":{"line":43,"column":6},"end":{"line":43,"column":40}},"type":"binary-expr","locations":[{"start":{"line":43,"column":6},"end":{"line":43,"column":19}},{"start":{"line":43,"column":23},"end":{"line":43,"column":40}}],"line":43}},"s":{"0":3,"1":1,"2":5,"3":5,"4":3,"5":5,"6":5,"7":5,"8":5,"9":41,"10":0,"11":0,"12":0,"13":0,"14":15,"15":374,"16":300,"17":1391,"18":1391},"f":{"0":1,"1":5,"2":5,"3":5,"4":5,"5":5,"6":41,"7":0,"8":15,"9":374,"10":300,"11":1391,"12":1391},"b":{"0":[5],"1":[41,36,31],"2":[0,0],"3":[0,0]},"_coverageSchema":"43e27e138ebf9cfc5966b082cf9a028302ed4184","hash":"700d87cdea1541a2533a0ce0c3080625485764d3"}
,"/home/sam/repos/mf-swhurl-website/src/pages/index.js": {"path":"/home/sam/repos/mf-swhurl-website/src/pages/index.js","statementMap":{},"fnMap":{},"branchMap":{},"s":{},"f":{},"b":{}}
,"/home/sam/repos/mf-swhurl-website/src/pages/pdp.js": {"path":"/home/sam/repos/mf-swhurl-website/src/pages/pdp.js","statementMap":{},"fnMap":{},"branchMap":{},"s":{},"f":{},"b":{}}
,"/home/sam/repos/mf-swhurl-website/src/pages/plp.js": {"path":"/home/sam/repos/mf-swhurl-website/src/pages/plp.js","statementMap":{},"fnMap":{},"branchMap":{},"s":{},"f":{},"b":{}}
,"/home/sam/repos/mf-swhurl-website/src/services/index.js": {"path":"/home/sam/repos/mf-swhurl-website/src/services/index.js","statementMap":{"0":{"start":{"line":2,"column":25},"end":{"line":2,"column":28}},"1":{"start":{"line":3,"column":28},"end":{"line":3,"column":30}},"2":{"start":{"line":5,"column":12},"end":{"line":10,"column":2}},"3":{"start":{"line":12,"column":25},"end":{"line":16,"column":1}},"4":{"start":{"line":13,"column":2},"end":{"line":15,"column":61}},"5":{"start":{"line":18,"column":22},"end":{"line":21,"column":1}},"6":{"start":{"line":19,"column":19},"end":{"line":19,"column":24}},"7":{"start":{"line":20,"column":2},"end":{"line":20,"column":58}},"8":{"start":{"line":23,"column":32},"end":{"line":25,"column":1}},"9":{"start":{"line":24,"column":2},"end":{"line":24,"column":60}},"10":{"start":{"line":27,"column":26},"end":{"line":29,"column":1}},"11":{"start":{"line":28,"column":2},"end":{"line":28,"column":61}},"12":{"start":{"line":32,"column":2},"end":{"line":32,"column":61}}},"fnMap":{"0":{"name":"(anonymous_0)","decl":{"start":{"line":12,"column":25},"end":{"line":12,"column":26}},"loc":{"start":{"line":12,"column":46},"end":{"line":16,"column":1}},"line":12},"1":{"name":"(anonymous_1)","decl":{"start":{"line":18,"column":22},"end":{"line":18,"column":23}},"loc":{"start":{"line":18,"column":42},"end":{"line":21,"column":1}},"line":18},"2":{"name":"(anonymous_2)","decl":{"start":{"line":23,"column":32},"end":{"line":23,"column":33}},"loc":{"start":{"line":23,"column":60},"end":{"line":25,"column":1}},"line":23},"3":{"name":"(anonymous_3)","decl":{"start":{"line":27,"column":26},"end":{"line":27,"column":27}},"loc":{"start":{"line":27,"column":54},"end":{"line":29,"column":1}},"line":27},"4":{"name":"isNode","decl":{"start":{"line":31,"column":9},"end":{"line":31,"column":15}},"loc":{"start":{"line":31,"column":18},"end":{"line":33,"column":1}},"line":31}},"branchMap":{"0":{"loc":{"start":{"line":7,"column":11},"end":{"line":7,"column":60}},"type":"cond-expr","locations":[{"start":{},"end":{}},{"start":{},"end":{}}],"line":7},"1":{"loc":{"start":{"line":12,"column":26},"end":{"line":12,"column":41}},"type":"default-arg","locations":[{"start":{"line":12,"column":37},"end":{"line":12,"column":41}}],"line":12},"2":{"loc":{"start":{"line":13,"column":9},"end":{"line":15,"column":61}},"type":"cond-expr","locations":[{"start":{"line":14,"column":6},"end":{"line":14,"column":29}},{"start":{"line":15,"column":6},"end":{"line":15,"column":61}}],"line":13},"3":{"loc":{"start":{"line":32,"column":9},"end":{"line":32,"column":61}},"type":"binary-expr","locations":[{"start":{"line":32,"column":9},"end":{"line":32,"column":16}},{"start":{"line":32,"column":20},"end":{"line":32,"column":36}},{"start":{"line":32,"column":40},"end":{"line":32,"column":61}}],"line":32}},"s":{"0":3,"1":3,"2":3,"3":3,"4":6,"5":3,"6":1,"7":1,"8":3,"9":1,"10":3,"11":1,"12":3},"f":{"0":6,"1":1,"2":1,"3":1,"4":3},"b":{"0":[3,0],"1":[1],"2":[4,2],"3":[3,3,3]},"_coverageSchema":"43e27e138ebf9cfc5966b082cf9a028302ed4184","hash":"affea484a509f50e582afcebb89275754c8d4f2b"}
}
