TN:
SF:/home/sam/repos/mf-swhurl-website/src/components/navigation.js
FNF:0
FNH:0
DA:1,4
DA:9,4
LF:2
LH:2
BRF:0
BRH:0
end_of_record
TN:
SF:/home/sam/repos/mf-swhurl-website/src/components/blocks/FilterBlock.js
FN:11,(anonymous_0)
FN:12,(anonymous_1)
FN:13,(anonymous_2)
FN:14,(anonymous_3)
FN:26,(anonymous_4)
FN:35,(anonymous_5)
FN:40,(anonymous_6)
FNF:7
FNH:7
FNDA:25,(anonymous_0)
FNDA:25,(anonymous_1)
FNDA:25,(anonymous_2)
FNDA:25,(anonymous_3)
FNDA:299,(anonymous_4)
FNDA:25,(anonymous_5)
FNDA:299,(anonymous_6)
DA:5,2
DA:10,2
DA:11,25
DA:12,25
DA:13,25
DA:14,25
DA:17,2
DA:27,299
DA:36,25
DA:41,299
DA:42,299
LF:11
LH:11
BRDA:11,0,0,9
BRDA:11,0,1,16
BRDA:12,1,0,9
BRDA:12,1,1,16
BRDA:13,2,0,9
BRDA:13,2,1,16
BRDA:14,3,0,9
BRDA:14,3,1,16
BRDA:27,4,0,7
BRDA:27,4,1,292
BRF:10
BRH:10
end_of_record
TN:
SF:/home/sam/repos/mf-swhurl-website/src/components/blocks/Nav.js
FN:16,(anonymous_0)
FN:20,(anonymous_1)
FNF:2
FNH:2
FNDA:11,(anonymous_0)
FNDA:55,(anonymous_1)
DA:5,4
DA:11,4
DA:17,11
DA:21,55
DA:22,55
LF:5
LH:5
BRF:0
BRH:0
end_of_record
TN:
SF:/home/sam/repos/mf-swhurl-website/src/components/blocks/ProductListItem.js
FN:25,(anonymous_0)
FNF:1
FNH:1
FNDA:181,(anonymous_0)
DA:5,2
DA:20,2
DA:26,181
DA:29,181
DA:30,181
LF:5
LH:5
BRF:0
BRH:0
end_of_record
TN:
SF:/home/sam/repos/mf-swhurl-website/src/components/containers/Home.js
FN:7,(anonymous_0)
FNF:1
FNH:1
FNDA:1,(anonymous_0)
DA:8,1
LF:1
LH:1
BRF:0
BRH:0
end_of_record
TN:
SF:/home/sam/repos/mf-swhurl-website/src/components/containers/Pdp.js
FN:48,Pdp
FN:62,(anonymous_1)
FN:63,(anonymous_2)
FN:78,(anonymous_3)
FN:79,(anonymous_4)
FN:92,(anonymous_5)
FNF:6
FNH:6
FNDA:1,Pdp
FNDA:2,(anonymous_1)
FNDA:5,(anonymous_2)
FNDA:1,(anonymous_3)
FNDA:1,(anonymous_4)
FNDA:1,(anonymous_5)
DA:10,1
DA:18,1
DA:28,1
DA:36,1
DA:43,1
DA:49,1
DA:50,1
DA:52,1
DA:62,2
DA:64,5
DA:78,1
DA:79,1
DA:92,1
DA:93,1
DA:94,1
LF:15
LH:15
BRF:0
BRH:0
end_of_record
TN:
SF:/home/sam/repos/mf-swhurl-website/src/components/containers/Plp.js
FN:45,Plp
FN:48,(anonymous_1)
FN:65,(anonymous_2)
FN:73,(anonymous_3)
FN:77,(anonymous_4)
FN:84,(anonymous_5)
FN:89,(anonymous_6)
FN:98,(anonymous_7)
FNF:8
FNH:8
FNDA:3,Plp
FNDA:3,(anonymous_1)
FNDA:1,(anonymous_2)
FNDA:1,(anonymous_3)
FNDA:9,(anonymous_4)
FNDA:9,(anonymous_5)
FNDA:180,(anonymous_6)
FNDA:2,(anonymous_7)
DA:13,1
DA:19,1
DA:24,1
DA:29,1
DA:35,1
DA:46,3
DA:47,3
DA:48,3
DA:49,3
DA:50,1
DA:54,2
DA:57,3
DA:65,1
DA:73,1
DA:78,9
DA:85,9
DA:90,180
DA:98,1
DA:99,2
DA:100,2
DA:101,2
DA:102,2
LF:22
LH:22
BRDA:49,0,0,1
BRDA:49,0,1,2
BRDA:101,1,0,1
BRDA:101,1,1,1
BRF:4
BRH:4
end_of_record
TN:
SF:/home/sam/repos/mf-swhurl-website/src/components/elements/GenderHeader.js
FN:12,(anonymous_0)
FNF:1
FNH:1
FNDA:5,(anonymous_0)
DA:4,3
DA:13,5
DA:14,5
LF:3
LH:3
BRF:0
BRH:0
end_of_record
TN:
SF:/home/sam/repos/mf-swhurl-website/src/components/elements/H1.js
FN:8,(anonymous_0)
FNF:1
FNH:1
FNDA:2,(anonymous_0)
DA:4,2
DA:9,2
LF:2
LH:2
BRF:0
BRH:0
end_of_record
TN:
SF:/home/sam/repos/mf-swhurl-website/src/components/elements/NavLink.js
FN:16,(anonymous_0)
FNF:1
FNH:1
FNDA:56,(anonymous_0)
DA:5,5
DA:17,56
LF:2
LH:2
BRF:0
BRH:0
end_of_record
TN:
SF:/home/sam/repos/mf-swhurl-website/src/lib/parser.js
FN:1,(anonymous_0)
FN:2,(anonymous_1)
FN:8,(anonymous_2)
FN:16,parseResults
FN:20,parseCategoryFacets
FN:24,parseFacets
FN:26,(anonymous_6)
FN:36,parseCategoryFacet
FN:49,parseFacet
FN:56,parseFacetValue
FN:64,parseProductResult
FN:71,(anonymous_11)
FN:77,parseSize
FNF:13
FNH:12
FNDA:1,(anonymous_0)
FNDA:5,(anonymous_1)
FNDA:5,(anonymous_2)
FNDA:5,parseResults
FNDA:5,parseCategoryFacets
FNDA:5,parseFacets
FNDA:41,(anonymous_6)
FNDA:0,parseCategoryFacet
FNDA:15,parseFacet
FNDA:374,parseFacetValue
FNDA:300,parseProductResult
FNDA:1391,(anonymous_11)
FNDA:1391,parseSize
DA:1,3
DA:2,1
DA:3,5
DA:4,5
DA:8,3
DA:9,5
DA:17,5
DA:21,5
DA:25,5
DA:27,41
DA:37,0
DA:43,0
DA:44,0
DA:46,0
DA:50,15
DA:57,374
DA:65,300
DA:72,1391
DA:78,1391
LF:19
LH:15
BRDA:20,0,0,5
BRDA:28,1,0,41
BRDA:28,1,1,36
BRDA:28,1,2,31
BRDA:43,2,0,0
BRDA:43,2,1,0
BRDA:43,3,0,0
BRDA:43,3,1,0
BRF:8
BRH:4
end_of_record
TN:
SF:/home/sam/repos/mf-swhurl-website/src/pages/index.js
FNF:0
FNH:0
LF:0
LH:0
BRF:0
BRH:0
end_of_record
TN:
SF:/home/sam/repos/mf-swhurl-website/src/pages/pdp.js
FNF:0
FNH:0
LF:0
LH:0
BRF:0
BRH:0
end_of_record
TN:
SF:/home/sam/repos/mf-swhurl-website/src/pages/plp.js
FNF:0
FNH:0
LF:0
LH:0
BRF:0
BRH:0
end_of_record
TN:
SF:/home/sam/repos/mf-swhurl-website/src/services/index.js
FN:12,(anonymous_0)
FN:18,(anonymous_1)
FN:23,(anonymous_2)
FN:27,(anonymous_3)
FN:31,isNode
FNF:5
FNH:5
FNDA:6,(anonymous_0)
FNDA:1,(anonymous_1)
FNDA:1,(anonymous_2)
FNDA:1,(anonymous_3)
FNDA:3,isNode
DA:2,3
DA:3,3
DA:5,3
DA:12,3
DA:13,6
DA:18,3
DA:19,1
DA:20,1
DA:23,3
DA:24,1
DA:27,3
DA:28,1
DA:32,3
LF:13
LH:13
BRDA:7,0,0,3
BRDA:7,0,1,0
BRDA:12,1,0,1
BRDA:13,2,0,4
BRDA:13,2,1,2
BRDA:32,3,0,3
BRDA:32,3,1,3
BRDA:32,3,2,3
BRF:8
BRH:7
end_of_record
